{"/Users/shuyuliu/Coding/Auto_Job_Apply_Puppeteer/myworkdayjobs/Facet.ts": {"path":"/Users/shuyuliu/Coding/Auto_Job_Apply_Puppeteer/myworkdayjobs/Facet.ts","all":false,"statementMap":{"0":{"start":{"line":1,"column":0},"end":{"line":1,"column":30}},"1":{"start":{"line":2,"column":0},"end":{"line":2,"column":23}},"2":{"start":{"line":3,"column":0},"end":{"line":3,"column":15}},"3":{"start":{"line":4,"column":0},"end":{"line":4,"column":18}},"4":{"start":{"line":5,"column":0},"end":{"line":5,"column":1}},"5":{"start":{"line":6,"column":0},"end":{"line":6,"column":0}},"6":{"start":{"line":7,"column":0},"end":{"line":7,"column":25}},"7":{"start":{"line":8,"column":0},"end":{"line":8,"column":27}},"8":{"start":{"line":9,"column":0},"end":{"line":9,"column":24}},"9":{"start":{"line":10,"column":0},"end":{"line":10,"column":37}},"10":{"start":{"line":11,"column":0},"end":{"line":11,"column":1}},"11":{"start":{"line":12,"column":0},"end":{"line":12,"column":0}},"12":{"start":{"line":13,"column":0},"end":{"line":13,"column":30}},"13":{"start":{"line":14,"column":0},"end":{"line":14,"column":15}},"14":{"start":{"line":15,"column":0},"end":{"line":15,"column":18}},"15":{"start":{"line":16,"column":0},"end":{"line":16,"column":23}},"16":{"start":{"line":17,"column":0},"end":{"line":17,"column":27}},"17":{"start":{"line":18,"column":0},"end":{"line":18,"column":1}},"18":{"start":{"line":19,"column":0},"end":{"line":19,"column":0}},"19":{"start":{"line":20,"column":0},"end":{"line":20,"column":31}},"20":{"start":{"line":21,"column":0},"end":{"line":21,"column":21}},"21":{"start":{"line":22,"column":0},"end":{"line":22,"column":26}},"22":{"start":{"line":23,"column":0},"end":{"line":23,"column":1}},"23":{"start":{"line":24,"column":0},"end":{"line":24,"column":0}},"24":{"start":{"line":25,"column":0},"end":{"line":25,"column":55}},"25":{"start":{"line":26,"column":0},"end":{"line":26,"column":0}},"26":{"start":{"line":27,"column":0},"end":{"line":27,"column":60}},"27":{"start":{"line":28,"column":0},"end":{"line":28,"column":0}},"28":{"start":{"line":29,"column":0},"end":{"line":29,"column":68}},"29":{"start":{"line":30,"column":0},"end":{"line":30,"column":0}},"30":{"start":{"line":31,"column":0},"end":{"line":31,"column":20}},"31":{"start":{"line":32,"column":0},"end":{"line":32,"column":30}},"32":{"start":{"line":33,"column":0},"end":{"line":33,"column":0}},"33":{"start":{"line":34,"column":0},"end":{"line":34,"column":35}},"34":{"start":{"line":35,"column":0},"end":{"line":35,"column":29}},"35":{"start":{"line":36,"column":0},"end":{"line":36,"column":5}},"36":{"start":{"line":37,"column":0},"end":{"line":37,"column":0}},"37":{"start":{"line":38,"column":0},"end":{"line":38,"column":77}},"38":{"start":{"line":39,"column":0},"end":{"line":39,"column":55}},"39":{"start":{"line":40,"column":0},"end":{"line":40,"column":5}},"40":{"start":{"line":41,"column":0},"end":{"line":41,"column":0}},"41":{"start":{"line":42,"column":0},"end":{"line":42,"column":22}},"42":{"start":{"line":43,"column":0},"end":{"line":43,"column":41}},"43":{"start":{"line":44,"column":0},"end":{"line":44,"column":31}},"44":{"start":{"line":45,"column":0},"end":{"line":45,"column":50}},"45":{"start":{"line":46,"column":0},"end":{"line":46,"column":7}},"46":{"start":{"line":47,"column":0},"end":{"line":47,"column":37}},"47":{"start":{"line":48,"column":0},"end":{"line":48,"column":43}},"48":{"start":{"line":49,"column":0},"end":{"line":49,"column":79}},"49":{"start":{"line":50,"column":0},"end":{"line":50,"column":20}},"50":{"start":{"line":51,"column":0},"end":{"line":51,"column":31}},"51":{"start":{"line":52,"column":0},"end":{"line":52,"column":33}},"52":{"start":{"line":53,"column":0},"end":{"line":53,"column":41}},"53":{"start":{"line":54,"column":0},"end":{"line":54,"column":34}},"54":{"start":{"line":55,"column":0},"end":{"line":55,"column":18}},"55":{"start":{"line":56,"column":0},"end":{"line":56,"column":13}},"56":{"start":{"line":57,"column":0},"end":{"line":57,"column":9}},"57":{"start":{"line":58,"column":0},"end":{"line":58,"column":5}},"58":{"start":{"line":59,"column":0},"end":{"line":59,"column":0}},"59":{"start":{"line":60,"column":0},"end":{"line":60,"column":32}},"60":{"start":{"line":61,"column":0},"end":{"line":61,"column":27}},"61":{"start":{"line":62,"column":0},"end":{"line":62,"column":31}},"62":{"start":{"line":63,"column":0},"end":{"line":63,"column":50}},"63":{"start":{"line":64,"column":0},"end":{"line":64,"column":7}},"64":{"start":{"line":65,"column":0},"end":{"line":65,"column":49}},"65":{"start":{"line":66,"column":0},"end":{"line":66,"column":59}},"66":{"start":{"line":67,"column":0},"end":{"line":67,"column":80}},"67":{"start":{"line":68,"column":0},"end":{"line":68,"column":45}},"68":{"start":{"line":69,"column":0},"end":{"line":69,"column":29}},"69":{"start":{"line":70,"column":0},"end":{"line":70,"column":35}},"70":{"start":{"line":71,"column":0},"end":{"line":71,"column":19}},"71":{"start":{"line":72,"column":0},"end":{"line":72,"column":13}},"72":{"start":{"line":73,"column":0},"end":{"line":73,"column":11}},"73":{"start":{"line":74,"column":0},"end":{"line":74,"column":5}},"74":{"start":{"line":75,"column":0},"end":{"line":75,"column":0}},"75":{"start":{"line":76,"column":0},"end":{"line":76,"column":28}},"76":{"start":{"line":77,"column":0},"end":{"line":77,"column":30}},"77":{"start":{"line":78,"column":0},"end":{"line":78,"column":43}},"78":{"start":{"line":79,"column":0},"end":{"line":79,"column":29}},"79":{"start":{"line":80,"column":0},"end":{"line":80,"column":63}},"80":{"start":{"line":81,"column":0},"end":{"line":81,"column":59}},"81":{"start":{"line":82,"column":0},"end":{"line":82,"column":41}},"82":{"start":{"line":83,"column":0},"end":{"line":83,"column":10}},"83":{"start":{"line":84,"column":0},"end":{"line":84,"column":0}},"84":{"start":{"line":85,"column":0},"end":{"line":85,"column":43}},"85":{"start":{"line":86,"column":0},"end":{"line":86,"column":62}},"86":{"start":{"line":87,"column":0},"end":{"line":87,"column":10}},"87":{"start":{"line":88,"column":0},"end":{"line":88,"column":0}},"88":{"start":{"line":89,"column":0},"end":{"line":89,"column":40}},"89":{"start":{"line":90,"column":0},"end":{"line":90,"column":61}},"90":{"start":{"line":91,"column":0},"end":{"line":91,"column":0}},"91":{"start":{"line":92,"column":0},"end":{"line":92,"column":69}},"92":{"start":{"line":93,"column":0},"end":{"line":93,"column":67}},"93":{"start":{"line":94,"column":0},"end":{"line":94,"column":53}},"94":{"start":{"line":95,"column":0},"end":{"line":95,"column":54}},"95":{"start":{"line":96,"column":0},"end":{"line":96,"column":47}},"96":{"start":{"line":97,"column":0},"end":{"line":97,"column":25}},"97":{"start":{"line":98,"column":0},"end":{"line":98,"column":30}},"98":{"start":{"line":99,"column":0},"end":{"line":99,"column":14}},"99":{"start":{"line":100,"column":0},"end":{"line":100,"column":56}},"100":{"start":{"line":101,"column":0},"end":{"line":101,"column":9}},"101":{"start":{"line":102,"column":0},"end":{"line":102,"column":0}},"102":{"start":{"line":103,"column":0},"end":{"line":103,"column":69}},"103":{"start":{"line":104,"column":0},"end":{"line":104,"column":36}},"104":{"start":{"line":105,"column":0},"end":{"line":105,"column":5}},"105":{"start":{"line":106,"column":0},"end":{"line":106,"column":1}}},"s":{"0":1,"1":1,"2":1,"3":1,"4":1,"5":1,"6":1,"7":1,"8":1,"9":1,"10":1,"11":1,"12":1,"13":1,"14":1,"15":1,"16":1,"17":1,"18":1,"19":1,"20":1,"21":1,"22":1,"23":1,"24":1,"25":1,"26":1,"27":1,"28":1,"29":1,"30":1,"31":1,"32":1,"33":1,"34":1,"35":1,"36":1,"37":1,"38":17,"39":17,"40":1,"41":1,"42":8,"43":8,"44":8,"45":8,"46":8,"47":17,"48":10,"49":17,"50":7,"51":7,"52":7,"53":7,"54":7,"55":7,"56":17,"57":8,"58":1,"59":1,"60":10,"61":10,"62":10,"63":10,"64":10,"65":10,"66":30,"67":4,"68":4,"69":4,"70":4,"71":4,"72":10,"73":10,"74":1,"75":1,"76":1,"77":1,"78":1,"79":1,"80":1,"81":1,"82":1,"83":1,"84":1,"85":1,"86":1,"87":1,"88":1,"89":1,"90":1,"91":1,"92":1,"93":1,"94":3,"95":3,"96":3,"97":3,"98":3,"99":3,"100":3,"101":1,"102":1,"103":1,"104":1,"105":1},"branchMap":{"0":{"type":"branch","line":34,"loc":{"start":{"line":34,"column":4},"end":{"line":36,"column":5}},"locations":[{"start":{"line":34,"column":4},"end":{"line":36,"column":5}}]},"1":{"type":"branch","line":38,"loc":{"start":{"line":38,"column":12},"end":{"line":40,"column":5}},"locations":[{"start":{"line":38,"column":12},"end":{"line":40,"column":5}}]},"2":{"type":"branch","line":42,"loc":{"start":{"line":42,"column":12},"end":{"line":58,"column":5}},"locations":[{"start":{"line":42,"column":12},"end":{"line":58,"column":5}}]},"3":{"type":"branch","line":47,"loc":{"start":{"line":47,"column":36},"end":{"line":57,"column":9}},"locations":[{"start":{"line":47,"column":36},"end":{"line":57,"column":9}}]},"4":{"type":"branch","line":48,"loc":{"start":{"line":48,"column":42},"end":{"line":50,"column":19}},"locations":[{"start":{"line":48,"column":42},"end":{"line":50,"column":19}}]},"5":{"type":"branch","line":50,"loc":{"start":{"line":50,"column":13},"end":{"line":56,"column":13}},"locations":[{"start":{"line":50,"column":13},"end":{"line":56,"column":13}}]},"6":{"type":"branch","line":60,"loc":{"start":{"line":60,"column":12},"end":{"line":74,"column":5}},"locations":[{"start":{"line":60,"column":12},"end":{"line":74,"column":5}}]},"7":{"type":"branch","line":66,"loc":{"start":{"line":66,"column":49},"end":{"line":73,"column":9}},"locations":[{"start":{"line":66,"column":49},"end":{"line":73,"column":9}}]},"8":{"type":"branch","line":67,"loc":{"start":{"line":67,"column":79},"end":{"line":72,"column":13}},"locations":[{"start":{"line":67,"column":79},"end":{"line":72,"column":13}}]},"9":{"type":"branch","line":76,"loc":{"start":{"line":76,"column":4},"end":{"line":105,"column":5}},"locations":[{"start":{"line":76,"column":4},"end":{"line":105,"column":5}}]},"10":{"type":"branch","line":94,"loc":{"start":{"line":94,"column":52},"end":{"line":101,"column":9}},"locations":[{"start":{"line":94,"column":52},"end":{"line":101,"column":9}}]},"11":{"type":"branch","line":81,"loc":{"start":{"line":81,"column":49},"end":{"line":82,"column":40}},"locations":[{"start":{"line":81,"column":49},"end":{"line":82,"column":40}}]},"12":{"type":"branch","line":86,"loc":{"start":{"line":86,"column":12},"end":{"line":86,"column":61}},"locations":[{"start":{"line":86,"column":12},"end":{"line":86,"column":61}}]}},"b":{"0":[1],"1":[17],"2":[8],"3":[17],"4":[10],"5":[7],"6":[10],"7":[30],"8":[4],"9":[1],"10":[3],"11":[3],"12":[2]},"fnMap":{"0":{"name":"Facet","decl":{"start":{"line":34,"column":4},"end":{"line":36,"column":5}},"loc":{"start":{"line":34,"column":4},"end":{"line":36,"column":5}},"line":34},"1":{"name":"isFacetValue","decl":{"start":{"line":38,"column":12},"end":{"line":40,"column":5}},"loc":{"start":{"line":38,"column":12},"end":{"line":40,"column":5}},"line":38},"2":{"name":"dfsValues","decl":{"start":{"line":42,"column":12},"end":{"line":58,"column":5}},"loc":{"start":{"line":42,"column":12},"end":{"line":58,"column":5}},"line":42},"3":{"name":"updateFacetSelector","decl":{"start":{"line":60,"column":12},"end":{"line":74,"column":5}},"loc":{"start":{"line":60,"column":12},"end":{"line":74,"column":5}},"line":60},"4":{"name":"getFacetParameterDetail","decl":{"start":{"line":76,"column":4},"end":{"line":105,"column":5}},"loc":{"start":{"line":76,"column":4},"end":{"line":105,"column":5}},"line":76}},"f":{"0":1,"1":17,"2":8,"3":10,"4":1}}
}
