{"/Users/shuyuliu/Coding/Auto_Job_Apply_Puppeteer/myworkdayjobs/Facet.ts": {"path":"/Users/shuyuliu/Coding/Auto_Job_Apply_Puppeteer/myworkdayjobs/Facet.ts","all":false,"statementMap":{"0":{"start":{"line":1,"column":0},"end":{"line":1,"column":33}},"1":{"start":{"line":2,"column":0},"end":{"line":2,"column":0}},"2":{"start":{"line":3,"column":0},"end":{"line":3,"column":30}},"3":{"start":{"line":4,"column":0},"end":{"line":4,"column":23}},"4":{"start":{"line":5,"column":0},"end":{"line":5,"column":15}},"5":{"start":{"line":6,"column":0},"end":{"line":6,"column":18}},"6":{"start":{"line":7,"column":0},"end":{"line":7,"column":1}},"7":{"start":{"line":8,"column":0},"end":{"line":8,"column":0}},"8":{"start":{"line":9,"column":0},"end":{"line":9,"column":25}},"9":{"start":{"line":10,"column":0},"end":{"line":10,"column":27}},"10":{"start":{"line":11,"column":0},"end":{"line":11,"column":24}},"11":{"start":{"line":12,"column":0},"end":{"line":12,"column":37}},"12":{"start":{"line":13,"column":0},"end":{"line":13,"column":1}},"13":{"start":{"line":14,"column":0},"end":{"line":14,"column":0}},"14":{"start":{"line":15,"column":0},"end":{"line":15,"column":28}},"15":{"start":{"line":16,"column":0},"end":{"line":16,"column":26}},"16":{"start":{"line":17,"column":0},"end":{"line":17,"column":25}},"17":{"start":{"line":18,"column":0},"end":{"line":18,"column":1}},"18":{"start":{"line":19,"column":0},"end":{"line":19,"column":0}},"19":{"start":{"line":20,"column":0},"end":{"line":20,"column":29}},"20":{"start":{"line":21,"column":0},"end":{"line":21,"column":20}},"21":{"start":{"line":22,"column":0},"end":{"line":22,"column":26}},"22":{"start":{"line":23,"column":0},"end":{"line":23,"column":27}},"23":{"start":{"line":24,"column":0},"end":{"line":24,"column":24}},"24":{"start":{"line":25,"column":0},"end":{"line":25,"column":28}},"25":{"start":{"line":26,"column":0},"end":{"line":26,"column":1}},"26":{"start":{"line":27,"column":0},"end":{"line":27,"column":0}},"27":{"start":{"line":28,"column":0},"end":{"line":28,"column":20}},"28":{"start":{"line":29,"column":0},"end":{"line":29,"column":30}},"29":{"start":{"line":30,"column":0},"end":{"line":30,"column":29}},"30":{"start":{"line":31,"column":0},"end":{"line":31,"column":0}},"31":{"start":{"line":32,"column":0},"end":{"line":32,"column":52}},"32":{"start":{"line":33,"column":0},"end":{"line":33,"column":29}},"33":{"start":{"line":34,"column":0},"end":{"line":34,"column":31}},"34":{"start":{"line":35,"column":0},"end":{"line":35,"column":5}},"35":{"start":{"line":36,"column":0},"end":{"line":36,"column":0}},"36":{"start":{"line":37,"column":0},"end":{"line":37,"column":77}},"37":{"start":{"line":38,"column":0},"end":{"line":38,"column":55}},"38":{"start":{"line":39,"column":0},"end":{"line":39,"column":5}},"39":{"start":{"line":40,"column":0},"end":{"line":40,"column":0}},"40":{"start":{"line":41,"column":0},"end":{"line":41,"column":22}},"41":{"start":{"line":42,"column":0},"end":{"line":42,"column":30}},"42":{"start":{"line":43,"column":0},"end":{"line":43,"column":31}},"43":{"start":{"line":44,"column":0},"end":{"line":44,"column":32}},"44":{"start":{"line":45,"column":0},"end":{"line":45,"column":46}},"45":{"start":{"line":46,"column":0},"end":{"line":46,"column":33}},"46":{"start":{"line":47,"column":0},"end":{"line":47,"column":7}},"47":{"start":{"line":48,"column":0},"end":{"line":48,"column":47}},"48":{"start":{"line":49,"column":0},"end":{"line":49,"column":48}},"49":{"start":{"line":50,"column":0},"end":{"line":50,"column":38}},"50":{"start":{"line":51,"column":0},"end":{"line":51,"column":34}},"51":{"start":{"line":52,"column":0},"end":{"line":52,"column":35}},"52":{"start":{"line":53,"column":0},"end":{"line":53,"column":31}},"53":{"start":{"line":54,"column":0},"end":{"line":54,"column":31}},"54":{"start":{"line":55,"column":0},"end":{"line":55,"column":31}},"55":{"start":{"line":56,"column":0},"end":{"line":56,"column":18}},"56":{"start":{"line":57,"column":0},"end":{"line":57,"column":20}},"57":{"start":{"line":58,"column":0},"end":{"line":58,"column":31}},"58":{"start":{"line":59,"column":0},"end":{"line":59,"column":34}},"59":{"start":{"line":60,"column":0},"end":{"line":60,"column":46}},"60":{"start":{"line":61,"column":0},"end":{"line":61,"column":31}},"61":{"start":{"line":62,"column":0},"end":{"line":62,"column":38}},"62":{"start":{"line":63,"column":0},"end":{"line":63,"column":31}},"63":{"start":{"line":64,"column":0},"end":{"line":64,"column":18}},"64":{"start":{"line":65,"column":0},"end":{"line":65,"column":13}},"65":{"start":{"line":66,"column":0},"end":{"line":66,"column":9}},"66":{"start":{"line":67,"column":0},"end":{"line":67,"column":5}},"67":{"start":{"line":68,"column":0},"end":{"line":68,"column":0}},"68":{"start":{"line":69,"column":0},"end":{"line":69,"column":29}},"69":{"start":{"line":70,"column":0},"end":{"line":70,"column":30}},"70":{"start":{"line":71,"column":0},"end":{"line":71,"column":31}},"71":{"start":{"line":72,"column":0},"end":{"line":72,"column":32}},"72":{"start":{"line":73,"column":0},"end":{"line":73,"column":32}},"73":{"start":{"line":74,"column":0},"end":{"line":74,"column":33}},"74":{"start":{"line":75,"column":0},"end":{"line":75,"column":7}},"75":{"start":{"line":76,"column":0},"end":{"line":76,"column":42}},"76":{"start":{"line":77,"column":0},"end":{"line":77,"column":42}},"77":{"start":{"line":78,"column":0},"end":{"line":78,"column":46}},"78":{"start":{"line":79,"column":0},"end":{"line":79,"column":16}},"79":{"start":{"line":80,"column":0},"end":{"line":80,"column":80}},"80":{"start":{"line":81,"column":0},"end":{"line":81,"column":18}},"81":{"start":{"line":82,"column":0},"end":{"line":82,"column":15}},"82":{"start":{"line":83,"column":0},"end":{"line":83,"column":33}},"83":{"start":{"line":84,"column":0},"end":{"line":84,"column":42}},"84":{"start":{"line":85,"column":0},"end":{"line":85,"column":34}},"85":{"start":{"line":86,"column":0},"end":{"line":86,"column":35}},"86":{"start":{"line":87,"column":0},"end":{"line":87,"column":29}},"87":{"start":{"line":88,"column":0},"end":{"line":88,"column":31}},"88":{"start":{"line":89,"column":0},"end":{"line":89,"column":19}},"89":{"start":{"line":90,"column":0},"end":{"line":90,"column":13}},"90":{"start":{"line":91,"column":0},"end":{"line":91,"column":11}},"91":{"start":{"line":92,"column":0},"end":{"line":92,"column":5}},"92":{"start":{"line":93,"column":0},"end":{"line":93,"column":0}},"93":{"start":{"line":94,"column":0},"end":{"line":94,"column":29}},"94":{"start":{"line":95,"column":0},"end":{"line":95,"column":30}},"95":{"start":{"line":96,"column":0},"end":{"line":96,"column":32}},"96":{"start":{"line":97,"column":0},"end":{"line":97,"column":21}},"97":{"start":{"line":98,"column":0},"end":{"line":98,"column":44}},"98":{"start":{"line":99,"column":0},"end":{"line":99,"column":0}},"99":{"start":{"line":100,"column":0},"end":{"line":100,"column":43}},"100":{"start":{"line":101,"column":0},"end":{"line":101,"column":62}},"101":{"start":{"line":102,"column":0},"end":{"line":102,"column":10}},"102":{"start":{"line":103,"column":0},"end":{"line":103,"column":0}},"103":{"start":{"line":104,"column":0},"end":{"line":104,"column":56}},"104":{"start":{"line":105,"column":0},"end":{"line":105,"column":45}},"105":{"start":{"line":106,"column":0},"end":{"line":106,"column":23}},"106":{"start":{"line":107,"column":0},"end":{"line":107,"column":26}},"107":{"start":{"line":108,"column":0},"end":{"line":108,"column":27}},"108":{"start":{"line":109,"column":0},"end":{"line":109,"column":23}},"109":{"start":{"line":110,"column":0},"end":{"line":110,"column":24}},"110":{"start":{"line":111,"column":0},"end":{"line":111,"column":23}},"111":{"start":{"line":112,"column":0},"end":{"line":112,"column":10}},"112":{"start":{"line":113,"column":0},"end":{"line":113,"column":0}},"113":{"start":{"line":114,"column":0},"end":{"line":114,"column":69}},"114":{"start":{"line":115,"column":0},"end":{"line":115,"column":5}},"115":{"start":{"line":116,"column":0},"end":{"line":116,"column":0}},"116":{"start":{"line":117,"column":0},"end":{"line":117,"column":75}},"117":{"start":{"line":118,"column":0},"end":{"line":118,"column":51}},"118":{"start":{"line":119,"column":0},"end":{"line":119,"column":42}},"119":{"start":{"line":120,"column":0},"end":{"line":120,"column":70}},"120":{"start":{"line":121,"column":0},"end":{"line":121,"column":49}},"121":{"start":{"line":122,"column":0},"end":{"line":122,"column":40}},"122":{"start":{"line":123,"column":0},"end":{"line":123,"column":14}},"123":{"start":{"line":124,"column":0},"end":{"line":124,"column":29}},"124":{"start":{"line":125,"column":0},"end":{"line":125,"column":10}},"125":{"start":{"line":126,"column":0},"end":{"line":126,"column":33}},"126":{"start":{"line":127,"column":0},"end":{"line":127,"column":71}},"127":{"start":{"line":128,"column":0},"end":{"line":128,"column":10}},"128":{"start":{"line":129,"column":0},"end":{"line":129,"column":5}},"129":{"start":{"line":130,"column":0},"end":{"line":130,"column":1}}},"s":{"0":1,"1":1,"2":1,"3":1,"4":1,"5":1,"6":1,"7":1,"8":1,"9":1,"10":1,"11":1,"12":1,"13":1,"14":1,"15":1,"16":1,"17":1,"18":1,"19":1,"20":1,"21":1,"22":1,"23":1,"24":1,"25":1,"26":1,"27":1,"28":1,"29":1,"30":1,"31":1,"32":1,"33":1,"34":1,"35":1,"36":1,"37":17,"38":17,"39":1,"40":1,"41":8,"42":8,"43":8,"44":8,"45":8,"46":8,"47":8,"48":17,"49":10,"50":10,"51":10,"52":10,"53":10,"54":10,"55":10,"56":17,"57":7,"58":7,"59":7,"60":7,"61":7,"62":7,"63":7,"64":7,"65":17,"66":8,"67":1,"68":1,"69":10,"70":10,"71":10,"72":10,"73":10,"74":10,"75":10,"76":10,"77":30,"78":30,"79":30,"80":30,"81":30,"82":4,"83":4,"84":4,"85":4,"86":4,"87":4,"88":4,"89":4,"90":10,"91":10,"92":1,"93":1,"94":1,"95":1,"96":1,"97":1,"98":1,"99":1,"100":1,"101":1,"102":1,"103":1,"104":1,"105":1,"106":1,"107":1,"108":1,"109":1,"110":1,"111":1,"112":1,"113":1,"114":1,"115":1,"116":1,"117":1,"118":1,"119":4,"120":4,"121":4,"122":1,"123":1,"124":1,"125":1,"126":1,"127":1,"128":1,"129":1},"branchMap":{"0":{"type":"branch","line":32,"loc":{"start":{"line":32,"column":4},"end":{"line":35,"column":5}},"locations":[{"start":{"line":32,"column":4},"end":{"line":35,"column":5}}]},"1":{"type":"branch","line":37,"loc":{"start":{"line":37,"column":12},"end":{"line":39,"column":5}},"locations":[{"start":{"line":37,"column":12},"end":{"line":39,"column":5}}]},"2":{"type":"branch","line":41,"loc":{"start":{"line":41,"column":12},"end":{"line":67,"column":5}},"locations":[{"start":{"line":41,"column":12},"end":{"line":67,"column":5}}]},"3":{"type":"branch","line":48,"loc":{"start":{"line":48,"column":46},"end":{"line":66,"column":9}},"locations":[{"start":{"line":48,"column":46},"end":{"line":66,"column":9}}]},"4":{"type":"branch","line":49,"loc":{"start":{"line":49,"column":47},"end":{"line":57,"column":19}},"locations":[{"start":{"line":49,"column":47},"end":{"line":57,"column":19}}]},"5":{"type":"branch","line":57,"loc":{"start":{"line":57,"column":13},"end":{"line":65,"column":13}},"locations":[{"start":{"line":57,"column":13},"end":{"line":65,"column":13}}]},"6":{"type":"branch","line":69,"loc":{"start":{"line":69,"column":12},"end":{"line":92,"column":5}},"locations":[{"start":{"line":69,"column":12},"end":{"line":92,"column":5}}]},"7":{"type":"branch","line":77,"loc":{"start":{"line":77,"column":27},"end":{"line":91,"column":9}},"locations":[{"start":{"line":77,"column":27},"end":{"line":91,"column":9}}]},"8":{"type":"branch","line":82,"loc":{"start":{"line":82,"column":14},"end":{"line":90,"column":13}},"locations":[{"start":{"line":82,"column":14},"end":{"line":90,"column":13}}]},"9":{"type":"branch","line":94,"loc":{"start":{"line":94,"column":4},"end":{"line":115,"column":5}},"locations":[{"start":{"line":94,"column":4},"end":{"line":115,"column":5}}]},"10":{"type":"branch","line":101,"loc":{"start":{"line":101,"column":12},"end":{"line":101,"column":61}},"locations":[{"start":{"line":101,"column":12},"end":{"line":101,"column":61}}]},"11":{"type":"branch","line":117,"loc":{"start":{"line":117,"column":4},"end":{"line":129,"column":5}},"locations":[{"start":{"line":117,"column":4},"end":{"line":129,"column":5}}]},"12":{"type":"branch","line":119,"loc":{"start":{"line":119,"column":12},"end":{"line":123,"column":13}},"locations":[{"start":{"line":119,"column":12},"end":{"line":123,"column":13}}]},"13":{"type":"branch","line":121,"loc":{"start":{"line":121,"column":20},"end":{"line":121,"column":49}},"locations":[{"start":{"line":121,"column":20},"end":{"line":121,"column":49}}]},"14":{"type":"branch","line":122,"loc":{"start":{"line":122,"column":20},"end":{"line":122,"column":39}},"locations":[{"start":{"line":122,"column":20},"end":{"line":122,"column":39}}]},"15":{"type":"branch","line":127,"loc":{"start":{"line":127,"column":12},"end":{"line":127,"column":70}},"locations":[{"start":{"line":127,"column":12},"end":{"line":127,"column":70}}]}},"b":{"0":[1],"1":[17],"2":[8],"3":[17],"4":[10],"5":[7],"6":[10],"7":[30],"8":[4],"9":[1],"10":[2],"11":[1],"12":[4],"13":[1],"14":[3],"15":[4]},"fnMap":{"0":{"name":"Facet","decl":{"start":{"line":32,"column":4},"end":{"line":35,"column":5}},"loc":{"start":{"line":32,"column":4},"end":{"line":35,"column":5}},"line":32},"1":{"name":"isFacetValue","decl":{"start":{"line":37,"column":12},"end":{"line":39,"column":5}},"loc":{"start":{"line":37,"column":12},"end":{"line":39,"column":5}},"line":37},"2":{"name":"dfsValues","decl":{"start":{"line":41,"column":12},"end":{"line":67,"column":5}},"loc":{"start":{"line":41,"column":12},"end":{"line":67,"column":5}},"line":41},"3":{"name":"updateFacetCards","decl":{"start":{"line":69,"column":12},"end":{"line":92,"column":5}},"loc":{"start":{"line":69,"column":12},"end":{"line":92,"column":5}},"line":69},"4":{"name":"getPrioritizedFacetCards","decl":{"start":{"line":94,"column":4},"end":{"line":115,"column":5}},"loc":{"start":{"line":94,"column":4},"end":{"line":115,"column":5}},"line":94},"5":{"name":"getTheFirstPriorityFacetCards","decl":{"start":{"line":117,"column":4},"end":{"line":129,"column":5}},"loc":{"start":{"line":117,"column":4},"end":{"line":129,"column":5}},"line":117}},"f":{"0":1,"1":17,"2":8,"3":10,"4":1,"5":1}}
}
