TN:
SF:myworkdayjobs/Facet.ts
FN:32,Facet
FN:37,isFacetValue
FN:41,dfsValues
FN:69,updateFacetCards
FN:94,getPrioritizedFacetCards
FN:117,getTheFirstPriorityFacetCards
FNF:6
FNH:6
FNDA:1,Facet
FNDA:17,isFacetValue
FNDA:8,dfsValues
FNDA:10,updateFacetCards
FNDA:1,getPrioritizedFacetCards
FNDA:1,getTheFirstPriorityFacetCards
DA:1,1
DA:2,1
DA:3,1
DA:4,1
DA:5,1
DA:6,1
DA:7,1
DA:8,1
DA:9,1
DA:10,1
DA:11,1
DA:12,1
DA:13,1
DA:14,1
DA:15,1
DA:16,1
DA:17,1
DA:18,1
DA:19,1
DA:20,1
DA:21,1
DA:22,1
DA:23,1
DA:24,1
DA:25,1
DA:26,1
DA:27,1
DA:28,1
DA:29,1
DA:30,1
DA:31,1
DA:32,1
DA:33,1
DA:34,1
DA:35,1
DA:36,1
DA:37,1
DA:38,17
DA:39,17
DA:40,1
DA:41,1
DA:42,8
DA:43,8
DA:44,8
DA:45,8
DA:46,8
DA:47,8
DA:48,8
DA:49,17
DA:50,10
DA:51,10
DA:52,10
DA:53,10
DA:54,10
DA:55,10
DA:56,10
DA:57,17
DA:58,7
DA:59,7
DA:60,7
DA:61,7
DA:62,7
DA:63,7
DA:64,7
DA:65,7
DA:66,17
DA:67,8
DA:68,1
DA:69,1
DA:70,10
DA:71,10
DA:72,10
DA:73,10
DA:74,10
DA:75,10
DA:76,10
DA:77,10
DA:78,30
DA:79,30
DA:80,30
DA:81,30
DA:82,30
DA:83,4
DA:84,4
DA:85,4
DA:86,4
DA:87,4
DA:88,4
DA:89,4
DA:90,4
DA:91,10
DA:92,10
DA:93,1
DA:94,1
DA:95,1
DA:96,1
DA:97,1
DA:98,1
DA:99,1
DA:100,1
DA:101,1
DA:102,1
DA:103,1
DA:104,1
DA:105,1
DA:106,1
DA:107,1
DA:108,1
DA:109,1
DA:110,1
DA:111,1
DA:112,1
DA:113,1
DA:114,1
DA:115,1
DA:116,1
DA:117,1
DA:118,1
DA:119,1
DA:120,4
DA:121,4
DA:122,4
DA:123,1
DA:124,1
DA:125,1
DA:126,1
DA:127,1
DA:128,1
DA:129,1
DA:130,1
LF:130
LH:130
BRDA:32,0,0,1
BRDA:37,1,0,17
BRDA:41,2,0,8
BRDA:48,3,0,17
BRDA:49,4,0,10
BRDA:57,5,0,7
BRDA:69,6,0,10
BRDA:77,7,0,30
BRDA:82,8,0,4
BRDA:94,9,0,1
BRDA:101,10,0,2
BRDA:117,11,0,1
BRDA:119,12,0,4
BRDA:121,13,0,1
BRDA:122,14,0,3
BRDA:127,15,0,4
BRF:16
BRH:16
end_of_record
