TN:
SF:myworkdayjobs/Facet.ts
FN:34,Facet
FN:38,isFacetValue
FN:42,dfsValues
FN:60,updateFacetSelector
FN:76,getFacetParameterDetail
FNF:5
FNH:5
FNDA:1,Facet
FNDA:17,isFacetValue
FNDA:8,dfsValues
FNDA:10,updateFacetSelector
FNDA:1,getFacetParameterDetail
DA:1,1
DA:2,1
DA:3,1
DA:4,1
DA:5,1
DA:6,1
DA:7,1
DA:8,1
DA:9,1
DA:10,1
DA:11,1
DA:12,1
DA:13,1
DA:14,1
DA:15,1
DA:16,1
DA:17,1
DA:18,1
DA:19,1
DA:20,1
DA:21,1
DA:22,1
DA:23,1
DA:24,1
DA:25,1
DA:26,1
DA:27,1
DA:28,1
DA:29,1
DA:30,1
DA:31,1
DA:32,1
DA:33,1
DA:34,1
DA:35,1
DA:36,1
DA:37,1
DA:38,1
DA:39,17
DA:40,17
DA:41,1
DA:42,1
DA:43,8
DA:44,8
DA:45,8
DA:46,8
DA:47,8
DA:48,17
DA:49,10
DA:50,17
DA:51,7
DA:52,7
DA:53,7
DA:54,7
DA:55,7
DA:56,7
DA:57,17
DA:58,8
DA:59,1
DA:60,1
DA:61,10
DA:62,10
DA:63,10
DA:64,10
DA:65,10
DA:66,10
DA:67,30
DA:68,4
DA:69,4
DA:70,4
DA:71,4
DA:72,4
DA:73,10
DA:74,10
DA:75,1
DA:76,1
DA:77,1
DA:78,1
DA:79,1
DA:80,1
DA:81,1
DA:82,1
DA:83,1
DA:84,1
DA:85,1
DA:86,1
DA:87,1
DA:88,1
DA:89,1
DA:90,1
DA:91,1
DA:92,1
DA:93,1
DA:94,1
DA:95,3
DA:96,3
DA:97,3
DA:98,3
DA:99,3
DA:100,3
DA:101,3
DA:102,1
DA:103,1
DA:104,1
DA:105,1
DA:106,1
LF:106
LH:106
BRDA:34,0,0,1
BRDA:38,1,0,17
BRDA:42,2,0,8
BRDA:47,3,0,17
BRDA:48,4,0,10
BRDA:50,5,0,7
BRDA:60,6,0,10
BRDA:66,7,0,30
BRDA:67,8,0,4
BRDA:76,9,0,1
BRDA:94,10,0,3
BRDA:81,11,0,3
BRDA:86,12,0,2
BRF:13
BRH:13
end_of_record
